#
# An unexpected error has been detected by HotSpot Virtual Machine:
#
#  EXCEPTION_ACCESS_VIOLATION (0xc0000005) at pc=0x00af28bd, pid=1024, tid=2256
#
# Java VM: Java HotSpot(TM) Client VM (1.5.0_06-b05 mixed mode)
# Problematic frame:
# j  com.epgis.platform.module.bom.web.BomEngineController.showBusinessObjectForm(Ljavax/servlet/http/HttpServletRequest;Ljavax/servlet/http/HttpServletResponse;)Lorg/springframework/web/servlet/ModelAndView;+447
#

---------------  T H R E A D  ---------------

Current thread (0x47886708):  JavaThread "http-8088-13" daemon [_thread_in_Java, id=2256]

siginfo: ExceptionCode=0xc0000005, reading address 0x45785650

Registers:
EAX=0x00000000, EBX=0x000262e4, ECX=0x456ecaa8, EDX=0x00000042
ESP=0x49faed1c, EBP=0x49faed38, ESI=0x456e9920, EDI=0x49faed88
EIP=0x00af28bd, EFLAGS=0x00010206

Top of Stack: (sp=0x49faed1c)
0x49faed1c:   49faed1c 456e9917 49faed88 456ecaa8
0x49faed2c:   00000000 456e9b28 49faed80 49faeda8
0x49faed3c:   00ae29fa 00000000 00000000 00000000
0x49faed4c:   00000000 00000000 42c8d568 00000000
0x49faed5c:   03a75c98 00000000 00000000 0a3c71c8
0x49faed6c:   0a223688 00000000 00000000 03a75bc8
0x49faed7c:   03a75b00 09e03108 09e01dc0 08d132d8
0x49faed8c:   49faed8c 4565ba60 49faedb8 4565bc68 

Instructions: (pc=0x00af28bd)
0x00af28ad:   e8 8b 7d ec c3 58 0f b7 5e 01 8b 4d f0 c1 e3 02
0x00af28bd:   8b 5c 99 18 8b 04 18 0f b6 5e 03 83 c6 03 ff 24 


Stack: [0x49f70000,0x49fb0000),  sp=0x49faed1c,  free space=251k
Native frames: (J=compiled Java code, j=interpreted, Vv=VM code, C=native code)
j  com.epgis.platform.module.bom.web.BomEngineController.showBusinessObjectForm(Ljavax/servlet/http/HttpServletRequest;Ljavax/servlet/http/HttpServletResponse;)Lorg/springframework/web/servlet/ModelAndView;+447
j  sun.reflect.GeneratedMethodAccessor153.invoke(Ljava/lang/Object;[Ljava/lang/Object;)Ljava/lang/Object;+48
J  sun.reflect.DelegatingMethodAccessorImpl.invoke(Ljava/lang/Object;[Ljava/lang/Object;)Ljava/lang/Object;
J  java.lang.reflect.Method.invoke(Ljava/lang/Object;[Ljava/lang/Object;)Ljava/lang/Object;
v  ~RuntimeStub::alignment_frame_return Runtime1 stub
j  org.springframework.web.servlet.mvc.multiaction.MultiActionController.invokeNamedMethod(Ljava/lang/String;Ljavax/servlet/http/HttpServletRequest;Ljavax/servlet/http/HttpServletResponse;)Lorg/springframework/web/servlet/ModelAndView;+258
j  org.springframework.web.servlet.mvc.multiaction.MultiActionController.handleRequestInternal(Ljavax/servlet/http/HttpServletRequest;Ljavax/servlet/http/HttpServletResponse;)Lorg/springframework/web/servlet/ModelAndView;+15
j  org.springframework.web.servlet.mvc.AbstractController.handleRequest(Ljavax/servlet/http/HttpServletRequest;Ljavax/servlet/http/HttpServletResponse;)Lorg/springframework/web/servlet/ModelAndView;+62
j  org.springframework.web.servlet.mvc.SimpleControllerHandlerAdapter.handle(Ljavax/servlet/http/HttpServletRequest;Ljavax/servlet/http/HttpServletResponse;Ljava/lang/Object;)Lorg/springframework/web/servlet/ModelAndView;+6
j  org.springframework.web.servlet.DispatcherServlet.doDispatch(Ljavax/servlet/http/HttpServletRequest;Ljavax/servlet/http/HttpServletResponse;)V+361
j  org.springframework.web.servlet.DispatcherServlet.doService(Ljavax/servlet/http/HttpServletRequest;Ljavax/servlet/http/HttpServletResponse;)V+212
j  org.springframework.web.servlet.FrameworkServlet.processRequest(Ljavax/servlet/http/HttpServletRequest;Ljavax/servlet/http/HttpServletResponse;)V+10
j  org.springframework.web.servlet.FrameworkServlet.doGet(Ljavax/servlet/http/HttpServletRequest;Ljavax/servlet/http/HttpServletResponse;)V+3
j  javax.servlet.http.HttpServlet.service(Ljavax/servlet/http/HttpServletRequest;Ljavax/servlet/http/HttpServletResponse;)V+35
j  javax.servlet.http.HttpServlet.service(Ljavax/servlet/ServletRequest;Ljavax/servlet/ServletResponse;)V+30
J  org.apache.catalina.core.ApplicationFilterChain.internalDoFilter(Ljavax/servlet/ServletRequest;Ljavax/servlet/ServletResponse;)V
J  org.apache.catalina.core.ApplicationFilterChain.doFilter(Ljavax/servlet/ServletRequest;Ljavax/servlet/ServletResponse;)V
v  ~RuntimeStub::alignment_frame_return Runtime1 stub
j  com.epgis.platform.workflow.service.persistence.PersistenceSessionFilter.doFilter(Ljavax/servlet/ServletRequest;Ljavax/servlet/ServletResponse;Ljavax/servlet/FilterChain;)V+3
J  org.apache.catalina.core.ApplicationFilterChain.internalDoFilter(Ljavax/servlet/ServletRequest;Ljavax/servlet/ServletResponse;)V
J  org.apache.catalina.core.ApplicationFilterChain.doFilter(Ljavax/servlet/ServletRequest;Ljavax/servlet/ServletResponse;)V
v  ~RuntimeStub::alignment_frame_return Runtime1 stub
j  org.springframework.orm.hibernate3.support.OpenSessionInViewFilter.doFilterInternal(Ljavax/servlet/http/HttpServletRequest;Ljavax/servlet/http/HttpServletResponse;Ljavax/servlet/FilterChain;)V+89
j  org.springframework.web.filter.OncePerRequestFilter.doFilter(Ljavax/servlet/ServletRequest;Ljavax/servlet/ServletResponse;Ljavax/servlet/FilterChain;)V+90
J  org.apache.catalina.core.ApplicationFilterChain.internalDoFilter(Ljavax/servlet/ServletRequest;Ljavax/servlet/ServletResponse;)V
J  org.apache.catalina.core.ApplicationFilterChain.doFilter(Ljavax/servlet/ServletRequest;Ljavax/servlet/ServletResponse;)V
j  com.epgis.platform.module.basic.web.sys.BaskHttpRequestFilter.doFilter(Ljavax/servlet/ServletRequest;Ljavax/servlet/ServletResponse;Ljavax/servlet/FilterChain;)V+394
J  org.apache.catalina.core.ApplicationFilterChain.internalDoFilter(Ljavax/servlet/ServletRequest;Ljavax/servlet/ServletResponse;)V
J  org.apache.catalina.core.ApplicationFilterChain.doFilter(Ljavax/servlet/ServletRequest;Ljavax/servlet/ServletResponse;)V
j  org.springframework.web.filter.CharacterEncodingFilter.doFilterInternal(Ljavax/servlet/http/HttpServletRequest;Ljavax/servlet/http/HttpServletResponse;Ljavax/servlet/FilterChain;)V+59
j  org.springframework.web.filter.OncePerRequestFilter.doFilter(Ljavax/servlet/ServletRequest;Ljavax/servlet/ServletResponse;Ljavax/servlet/FilterChain;)V+90
J  org.apache.catalina.core.ApplicationFilterChain.internalDoFilter(Ljavax/servlet/ServletRequest;Ljavax/servlet/ServletResponse;)V
J  org.apache.catalina.core.ApplicationFilterChain.doFilter(Ljavax/servlet/ServletRequest;Ljavax/servlet/ServletResponse;)V
v  ~RuntimeStub::alignment_frame_return Runtime1 stub
j  org.apache.catalina.core.StandardWrapperValve.invoke(Lorg/apache/catalina/connector/Request;Lorg/apache/catalina/connector/Response;)V+804
j  org.apache.catalina.core.StandardContextValve.invoke(Lorg/apache/catalina/connector/Request;Lorg/apache/catalina/connector/Response;)V+285
J  org.apache.catalina.core.StandardHostValve.invoke(Lorg/apache/catalina/connector/Request;Lorg/apache/catalina/connector/Response;)V
j  org.apache.catalina.valves.ErrorReportValve.invoke(Lorg/apache/catalina/connector/Request;Lorg/apache/catalina/connector/Response;)V+6
j  org.apache.catalina.core.StandardEngineValve.invoke(Lorg/apache/catalina/connector/Request;Lorg/apache/catalina/connector/Response;)V+42
j  org.apache.catalina.connector.CoyoteAdapter.service(Lorg/apache/coyote/Request;Lorg/apache/coyote/Response;)V+157
J  org.apache.coyote.http11.Http11Processor.process(Ljava/net/Socket;)V
v  ~RuntimeStub::alignment_frame_return Runtime1 stub
j  org.apache.coyote.http11.Http11Protocol$Http11ConnectionHandler.process(Ljava/net/Socket;)Z+82
j  org.apache.tomcat.util.net.JIoEndpoint$Worker.run()V+41
j  java.lang.Thread.run()V+11
v  ~StubRoutines::call_stub
V  [jvm.dll+0x845a9]
V  [jvm.dll+0xd9317]
V  [jvm.dll+0x8447a]
V  [jvm.dll+0x841d7]
V  [jvm.dll+0x9ed69]
V  [jvm.dll+0x109fe3]
V  [jvm.dll+0x109fb1]
C  [MSVCRT.dll+0x2a3b0]
C  [kernel32.dll+0xb729]


---------------  P R O C E S S  ---------------

Java Threads: ( => current thread )
  0x47632d18 JavaThread "http-8088-19" daemon [_thread_blocked, id=3772]
  0x47c2e5b0 JavaThread "http-8088-18" daemon [_thread_blocked, id=452]
  0x47c2e018 JavaThread "http-8088-17" daemon [_thread_blocked, id=3888]
  0x47cff770 JavaThread "http-8088-16" daemon [_thread_blocked, id=1056]
  0x47481ba8 JavaThread "http-8088-15" daemon [_thread_blocked, id=2384]
  0x47c9c328 JavaThread "http-8088-14" daemon [_thread_blocked, id=3532]
=>0x47886708 JavaThread "http-8088-13" daemon [_thread_in_Java, id=2256]
  0x47c20ba8 JavaThread "http-8088-12" daemon [_thread_blocked, id=2620]
  0x47b47c68 JavaThread "http-8088-11" daemon [_thread_blocked, id=3288]
  0x47bb8960 JavaThread "pool-1-thread-1" [_thread_blocked, id=800]
  0x47b8f8f0 JavaThread "Java2D Disposer" daemon [_thread_blocked, id=1284]
  0x474bddb8 JavaThread "http-8088-10" daemon [_thread_blocked, id=1552]
  0x471888f8 JavaThread "http-8088-9" daemon [_thread_blocked, id=156]
  0x472f5688 JavaThread "http-8088-8" daemon [_thread_blocked, id=2220]
  0x47ac59e8 JavaThread "http-8088-7" daemon [_thread_blocked, id=600]
  0x47ac5008 JavaThread "http-8088-6" daemon [_thread_blocked, id=2768]
  0x47731b00 JavaThread "http-8088-5" daemon [_thread_blocked, id=2716]
  0x47b97008 JavaThread "http-8088-4" daemon [_thread_blocked, id=3428]
  0x475b5f18 JavaThread "http-8088-3" daemon [_thread_blocked, id=376]
  0x479aed08 JavaThread "http-8088-2" daemon [_thread_blocked, id=2144]
  0x475a9770 JavaThread "http-8088-1" daemon [_thread_blocked, id=3996]
  0x4780c5b8 JavaThread "TP-Monitor" daemon [_thread_blocked, id=3712]
  0x475f78f8 JavaThread "TP-Processor4" daemon [_thread_in_native, id=2448]
  0x474aedf8 JavaThread "TP-Processor3" daemon [_thread_blocked, id=2800]
  0x473214d0 JavaThread "TP-Processor2" daemon [_thread_blocked, id=616]
  0x4717cb88 JavaThread "TP-Processor1" daemon [_thread_blocked, id=3048]
  0x47194650 JavaThread "http-8088-Acceptor-0" daemon [_thread_in_native, id=3120]
  0x47a20768 JavaThread "ContainerBackgroundProcessor[StandardEngine[Catalina]]" daemon [_thread_blocked, id=644]
  0x47987948 JavaThread "QuartzScheduler_QuartzSchedulerThread" [_thread_blocked, id=2932]
  0x47a05970 JavaThread "QuartzScheduler_Worker-100" [_thread_blocked, id=2992]
  0x47a048c0 JavaThread "QuartzScheduler_Worker-99" [_thread_blocked, id=1400]
  0x47a03db8 JavaThread "QuartzScheduler_Worker-98" [_thread_blocked, id=3572]
  0x47a02d08 JavaThread "QuartzScheduler_Worker-97" [_thread_blocked, id=2152]
  0x47a01d78 JavaThread "QuartzScheduler_Worker-96" [_thread_blocked, id=2268]
  0x47a005f0 JavaThread "QuartzScheduler_Worker-95" [_thread_blocked, id=2112]
  0x479ffae8 JavaThread "QuartzScheduler_Worker-94" [_thread_blocked, id=2320]
  0x479feac8 JavaThread "QuartzScheduler_Worker-93" [_thread_blocked, id=3472]
  0x479fda08 JavaThread "QuartzScheduler_Worker-92" [_thread_blocked, id=3876]
  0x479fca88 JavaThread "QuartzScheduler_Worker-91" [_thread_blocked, id=2856]
  0x479fba68 JavaThread "QuartzScheduler_Worker-90" [_thread_blocked, id=812]
  0x479faa48 JavaThread "QuartzScheduler_Worker-89" [_thread_blocked, id=2296]
  0x479f9a28 JavaThread "QuartzScheduler_Worker-88" [_thread_blocked, id=2128]
  0x479f8a08 JavaThread "QuartzScheduler_Worker-87" [_thread_blocked, id=796]
  0x479f79e8 JavaThread "QuartzScheduler_Worker-86" [_thread_blocked, id=3396]
  0x479f69c8 JavaThread "QuartzScheduler_Worker-85" [_thread_blocked, id=2756]
  0x479f59a8 JavaThread "QuartzScheduler_Worker-84" [_thread_blocked, id=3456]
  0x479f4988 JavaThread "QuartzScheduler_Worker-83" [_thread_blocked, id=536]
  0x479f3968 JavaThread "QuartzScheduler_Worker-82" [_thread_blocked, id=2204]
  0x479f2948 JavaThread "QuartzScheduler_Worker-81" [_thread_blocked, id=2140]
  0x479f1958 JavaThread "QuartzScheduler_Worker-80" [_thread_blocked, id=3656]
  0x479f0ac0 JavaThread "QuartzScheduler_Worker-79" [_thread_blocked, id=2884]
  0x479eb8d8 JavaThread "QuartzScheduler_Worker-78" [_thread_blocked, id=1280]
  0x479eab00 JavaThread "QuartzScheduler_Worker-77" [_thread_blocked, id=1992]
  0x479e9898 JavaThread "QuartzScheduler_Worker-76" [_thread_blocked, id=2120]
  0x479e87e8 JavaThread "QuartzScheduler_Worker-75" [_thread_blocked, id=3664]
  0x479e7a10 JavaThread "QuartzScheduler_Worker-74" [_thread_blocked, id=3884]
  0x479ad830 JavaThread "QuartzScheduler_Worker-73" [_thread_blocked, id=3132]
  0x479ac810 JavaThread "QuartzScheduler_Worker-72" [_thread_blocked, id=1848]
  0x479ab9a8 JavaThread "QuartzScheduler_Worker-71" [_thread_blocked, id=2444]
  0x479aa988 JavaThread "QuartzScheduler_Worker-70" [_thread_blocked, id=3412]
  0x4784e7a8 JavaThread "QuartzScheduler_Worker-69" [_thread_blocked, id=3868]
  0x4784d788 JavaThread "QuartzScheduler_Worker-68" [_thread_blocked, id=3792]
  0x4782b768 JavaThread "QuartzScheduler_Worker-67" [_thread_blocked, id=3796]
  0x4782a748 JavaThread "QuartzScheduler_Worker-66" [_thread_blocked, id=2428]
  0x478294e8 JavaThread "QuartzScheduler_Worker-65" [_thread_blocked, id=1892]
  0x47828128 JavaThread "QuartzScheduler_Worker-64" [_thread_blocked, id=2736]
  0x47816410 JavaThread "QuartzScheduler_Worker-63" [_thread_blocked, id=4044]
  0x47814eb0 JavaThread "QuartzScheduler_Worker-62" [_thread_blocked, id=2692]
  0x47813f68 JavaThread "QuartzScheduler_Worker-61" [_thread_blocked, id=1016]
  0x47812e70 JavaThread "QuartzScheduler_Worker-60" [_thread_blocked, id=984]
  0x47808e40 JavaThread "QuartzScheduler_Worker-59" [_thread_blocked, id=3680]
  0x47807e20 JavaThread "QuartzScheduler_Worker-58" [_thread_blocked, id=3324]
  0x47806e00 JavaThread "QuartzScheduler_Worker-57" [_thread_blocked, id=2940]
  0x477fcdd8 JavaThread "QuartzScheduler_Worker-56" [_thread_blocked, id=2872]
  0x477fbdb8 JavaThread "QuartzScheduler_Worker-55" [_thread_blocked, id=3716]
  0x479a9dd8 JavaThread "QuartzScheduler_Worker-54" [_thread_blocked, id=3980]
  0x479a8e30 JavaThread "QuartzScheduler_Worker-53" [_thread_blocked, id=2876]
  0x479a7e88 JavaThread "QuartzScheduler_Worker-52" [_thread_blocked, id=2212]
  0x479a6ee0 JavaThread "QuartzScheduler_Worker-51" [_thread_blocked, id=1296]
  0x479a5f38 JavaThread "QuartzScheduler_Worker-50" [_thread_blocked, id=672]
  0x479a5050 JavaThread "QuartzScheduler_Worker-49" [_thread_blocked, id=3644]
  0x479a4218 JavaThread "QuartzScheduler_Worker-48" [_thread_blocked, id=2652]
  0x479a3270 JavaThread "QuartzScheduler_Worker-47" [_thread_blocked, id=3004]
  0x479a22c8 JavaThread "QuartzScheduler_Worker-46" [_thread_blocked, id=2920]
  0x479a0f70 JavaThread "QuartzScheduler_Worker-45" [_thread_blocked, id=748]
  0x4799f308 JavaThread "QuartzScheduler_Worker-44" [_thread_blocked, id=4000]
  0x4799e680 JavaThread "QuartzScheduler_Worker-43" [_thread_blocked, id=2640]
  0x4799d538 JavaThread "QuartzScheduler_Worker-42" [_thread_blocked, id=652]
  0x4799c730 JavaThread "QuartzScheduler_Worker-41" [_thread_blocked, id=236]
  0x4799bc58 JavaThread "QuartzScheduler_Worker-40" [_thread_blocked, id=3880]
  0x4799ac20 JavaThread "QuartzScheduler_Worker-39" [_thread_blocked, id=2608]
  0x4799a0b8 JavaThread "QuartzScheduler_Worker-38" [_thread_blocked, id=2560]
  0x477f55e0 JavaThread "QuartzScheduler_Worker-37" [_thread_blocked, id=448]
  0x477f4168 JavaThread "QuartzScheduler_Worker-36" [_thread_blocked, id=1048]
  0x477f3690 JavaThread "QuartzScheduler_Worker-35" [_thread_blocked, id=2088]
  0x477f26e8 JavaThread "QuartzScheduler_Worker-34" [_thread_blocked, id=3848]
  0x477f1740 JavaThread "QuartzScheduler_Worker-33" [_thread_blocked, id=1168]
  0x477f0798 JavaThread "QuartzScheduler_Worker-32" [_thread_blocked, id=696]
  0x477ef7f0 JavaThread "QuartzScheduler_Worker-31" [_thread_blocked, id=3560]
  0x477ee7b8 JavaThread "QuartzScheduler_Worker-30" [_thread_blocked, id=4064]
  0x477ed8a0 JavaThread "QuartzScheduler_Worker-29" [_thread_blocked, id=3376]
  0x477fa8f0 JavaThread "QuartzScheduler_Worker-28" [_thread_blocked, id=3036]
  0x477f9948 JavaThread "QuartzScheduler_Worker-27" [_thread_blocked, id=2240]
  0x477f8830 JavaThread "QuartzScheduler_Worker-26" [_thread_blocked, id=3992]
  0x477f7a38 JavaThread "QuartzScheduler_Worker-25" [_thread_blocked, id=3180]
  0x47578ab0 JavaThread "QuartzScheduler_Worker-24" [_thread_blocked, id=2344]
  0x47577b48 JavaThread "QuartzScheduler_Worker-23" [_thread_blocked, id=2868]
  0x47576be0 JavaThread "QuartzScheduler_Worker-22" [_thread_blocked, id=2892]
  0x47575c78 JavaThread "QuartzScheduler_Worker-21" [_thread_blocked, id=2792]
  0x47476f20 JavaThread "QuartzScheduler_Worker-20" [_thread_blocked, id=3740]
  0x47475fb8 JavaThread "QuartzScheduler_Worker-19" [_thread_blocked, id=3596]
  0x47475050 JavaThread "QuartzScheduler_Worker-18" [_thread_blocked, id=3960]
  0x474741a0 JavaThread "QuartzScheduler_Worker-17" [_thread_blocked, id=2276]
  0x472c5dc8 JavaThread "QuartzScheduler_Worker-16" [_thread_blocked, id=3144]
  0x472c4e60 JavaThread "QuartzScheduler_Worker-15" [_thread_blocked, id=2232]
  0x472c4008 JavaThread "QuartzScheduler_Worker-14" [_thread_blocked, id=2036]
  0x4718dff0 JavaThread "QuartzScheduler_Worker-13" [_thread_blocked, id=1772]
  0x4718d168 JavaThread "QuartzScheduler_Worker-12" [_thread_blocked, id=3948]
  0x00a798d0 JavaThread "QuartzScheduler_Worker-11" [_thread_blocked, id=1868]
  0x00a78a50 JavaThread "QuartzScheduler_Worker-10" [_thread_blocked, id=3124]
  0x47987408 JavaThread "QuartzScheduler_Worker-9" [_thread_blocked, id=2832]
  0x474e2c98 JavaThread "QuartzScheduler_Worker-8" [_thread_blocked, id=4008]
  0x4756c018 JavaThread "QuartzScheduler_Worker-7" [_thread_blocked, id=2840]
  0x4743c340 JavaThread "QuartzScheduler_Worker-6" [_thread_blocked, id=288]
  0x472ca0e8 JavaThread "QuartzScheduler_Worker-5" [_thread_blocked, id=3172]
  0x47478268 JavaThread "QuartzScheduler_Worker-4" [_thread_blocked, id=3936]
  0x47478088 JavaThread "QuartzScheduler_Worker-3" [_thread_blocked, id=2912]
  0x479ec4e0 JavaThread "QuartzScheduler_Worker-2" [_thread_blocked, id=3156]
  0x4784c9c0 JavaThread "QuartzScheduler_Worker-1" [_thread_blocked, id=2908]
  0x00ac6e78 JavaThread "Timer-0" daemon [_thread_blocked, id=3592]
  0x474e88f0 JavaThread "Store customCache Spool Thread" daemon [_thread_blocked, id=2952]
  0x476a89e0 JavaThread "Store coreCache Spool Thread" daemon [_thread_blocked, id=256]
  0x00ab3510 JavaThread "Low Memory Detector" daemon [_thread_blocked, id=3920]
  0x00036628 JavaThread "CompilerThread0" daemon [_thread_blocked, id=3064]
  0x00ab1090 JavaThread "Signal Dispatcher" daemon [_thread_blocked, id=3076]
  0x00aafa58 JavaThread "JDWP Command Reader" daemon [_thread_in_native, id=1464]
  0x00aae788 JavaThread "JDWP Event Helper Thread" daemon [_thread_blocked, id=4060]
  0x00038b98 JavaThread "JDWP Transport Listener: dt_socket" daemon [_thread_blocked, id=372]
  0x00a983e0 JavaThread "Finalizer" daemon [_thread_blocked, id=3684]
  0x00a97960 JavaThread "Reference Handler" daemon [_thread_blocked, id=3504]
  0x00037f70 JavaThread "main" [_thread_in_native, id=2520]

Other Threads:
  0x00a57f10 VMThread [id=2960]
  0x00ab4990 WatcherThread [id=2476]

VM state:not at safepoint (normal execution)

VM Mutex/Monitor currently owned by a thread: None

Heap
 def new generation   total 37312K, used 18282K [0x02ae0000, 0x05350000, 0x079a0000)
  eden space 33216K,  48% used [0x02ae0000, 0x03a82300, 0x04b50000)
  from space 4096K,  55% used [0x04f50000, 0x05188630, 0x05350000)
  to   space 4096K,   0% used [0x04b50000, 0x04b50000, 0x04f50000)
 tenured generation   total 491520K, used 47616K [0x079a0000, 0x259a0000, 0x42ae0000)
   the space 491520K,   9% used [0x079a0000, 0x0a820270, 0x0a820400, 0x259a0000)
 compacting perm gen  total 45312K, used 45238K [0x42ae0000, 0x45720000, 0x46ae0000)
   the space 45312K,  99% used [0x42ae0000, 0x4570dbc8, 0x4570dc00, 0x45720000)
No shared spaces configured.

Dynamic libraries:
0x00400000 - 0x0040c000 	E:\software\java\jdk1.5.0_06\bin\java.exe
0x7c920000 - 0x7c9b6000 	C:\WINDOWS\system32\ntdll.dll
0x7c800000 - 0x7c91e000 	C:\WINDOWS\system32\kernel32.dll
0x77da0000 - 0x77e49000 	C:\WINDOWS\system32\ADVAPI32.dll
0x77e50000 - 0x77ee2000 	C:\WINDOWS\system32\RPCRT4.dll
0x77fc0000 - 0x77fd1000 	C:\WINDOWS\system32\Secur32.dll
0x77be0000 - 0x77c38000 	C:\WINDOWS\system32\MSVCRT.dll
0x6d6e0000 - 0x6d874000 	E:\software\java\jdk1.5.0_06\jre\bin\client\jvm.dll
0x77d10000 - 0x77da0000 	C:\WINDOWS\system32\USER32.dll
0x77ef0000 - 0x77f39000 	C:\WINDOWS\system32\GDI32.dll
0x76b10000 - 0x76b3a000 	C:\WINDOWS\system32\WINMM.dll
0x76300000 - 0x7631d000 	C:\WINDOWS\system32\IMM32.DLL
0x62c20000 - 0x62c29000 	C:\WINDOWS\system32\LPK.DLL
0x73fa0000 - 0x7400b000 	C:\WINDOWS\system32\USP10.dll
0x6d2f0000 - 0x6d2f8000 	E:\software\java\jdk1.5.0_06\jre\bin\hpi.dll
0x76bc0000 - 0x76bcb000 	C:\WINDOWS\system32\PSAPI.DLL
0x6d3f0000 - 0x6d425000 	E:\software\java\jdk1.5.0_06\jre\bin\jdwp.dll
0x6d6b0000 - 0x6d6bc000 	E:\software\java\jdk1.5.0_06\jre\bin\verify.dll
0x6d370000 - 0x6d38d000 	E:\software\java\jdk1.5.0_06\jre\bin\java.dll
0x6d6d0000 - 0x6d6df000 	E:\software\java\jdk1.5.0_06\jre\bin\zip.dll
0x6d290000 - 0x6d297000 	E:\software\java\jdk1.5.0_06\jre\bin\dt_socket.dll
0x71a20000 - 0x71a37000 	C:\WINDOWS\system32\WS2_32.dll
0x71a10000 - 0x71a18000 	C:\WINDOWS\system32\WS2HELP.dll
0x719c0000 - 0x719fe000 	C:\WINDOWS\system32\mswsock.dll
0x60fd0000 - 0x61025000 	C:\WINDOWS\system32\hnetcfg.dll
0x71a00000 - 0x71a08000 	C:\WINDOWS\System32\wshtcpip.dll
0x6d530000 - 0x6d543000 	E:\software\java\jdk1.5.0_06\jre\bin\net.dll
0x76ef0000 - 0x76f17000 	C:\WINDOWS\system32\DNSAPI.dll
0x76f80000 - 0x76f88000 	C:\WINDOWS\System32\winrnr.dll
0x76f30000 - 0x76f5c000 	C:\WINDOWS\system32\WLDAP32.dll
0x76f90000 - 0x76f96000 	C:\WINDOWS\system32\rasadhlp.dll
0x68000000 - 0x68036000 	C:\WINDOWS\system32\rsaenh.dll
0x759d0000 - 0x75a7f000 	C:\WINDOWS\system32\USERENV.dll
0x5fdd0000 - 0x5fe25000 	C:\WINDOWS\system32\netapi32.dll
0x6d070000 - 0x6d1d7000 	E:\software\java\jdk1.5.0_06\jre\bin\awt.dll
0x72f70000 - 0x72f96000 	C:\WINDOWS\system32\WINSPOOL.DRV
0x76990000 - 0x76acd000 	C:\WINDOWS\system32\ole32.dll
0x5adc0000 - 0x5adf7000 	C:\WINDOWS\system32\uxtheme.dll
0x736d0000 - 0x7371b000 	C:\WINDOWS\system32\ddraw.dll
0x73b30000 - 0x73b36000 	C:\WINDOWS\system32\DCIMAN32.dll
0x738b0000 - 0x73980000 	C:\WINDOWS\system32\D3DIM700.DLL
0x6d2b0000 - 0x6d2ed000 	E:\software\java\jdk1.5.0_06\jre\bin\fontmanager.dll
0x6d550000 - 0x6d559000 	E:\software\java\jdk1.5.0_06\jre\bin\nio.dll

VM Arguments:
jvm_args: -Xms520m -Xmx1024m -Xss128k -Xdebug -Xrunjdwp:transport=dt_socket,address=127.0.0.1:1992,suspend=y,server=n -Djava.util.logging.manager=org.apache.juli.ClassLoaderLogManager -Djava.util.logging.config.file=C:\Documents and Settings\Administrator\.IntelliJIdea8x\system\tomcat\Unnamed_bask0.5a2940167\conf\logging.properties -Djava.endorsed.dirs=D:\tomcat\apache-tomcat-6.0.14\endorsed -Dcatalina.base=C:\Documents and Settings\Administrator\.IntelliJIdea8x\system\tomcat\Unnamed_bask0.5a2940167 -Dcatalina.home=D:\tomcat\apache-tomcat-6.0.14 -Djava.io.tmpdir=D:\tomcat\apache-tomcat-6.0.14\temp
java_command: org.apache.catalina.startup.Bootstrap start
Launcher Type: SUN_STANDARD

Environment Variables:
JAVA_HOME=E:\software\java\jdk1.5.0_06
JRE_HOME=E:\software\java\jdk1.5.0_06
CLASSPATH=E:\software\java\jdk1.5.0_06\lib\tools.jar;D:\tomcat\apache-tomcat-6.0.14\bin\bootstrap.jar
PATH=F:\oracle\product\10.2.0\db_2\bin;F:\oracle\product\10.2.0\db_1\bin;E:\software\java\jdk1.5.0_06\bin;C:\WINDOWS\system32;C:\WINDOWS;C:\WINDOWS\System32\Wbem;C:\Program Files\TortoiseSVN\bin
USERNAME=Administrator
OS=Windows_NT
PROCESSOR_IDENTIFIER=x86 Family 6 Model 15 Stepping 2, GenuineIntel



---------------  S Y S T E M  ---------------

OS: Windows XP Build 2600 Service Pack 3

CPU:total 2 family 6, cmov, cx8, fxsr, mmx, sse, sse2, ht

Memory: 4k page, physical 2097151k(1283660k free), swap 4194303k(2472244k free)

vm_info: Java HotSpot(TM) Client VM (1.5.0_06-b05) for windows-x86, built on Nov 10 2005 11:12:14 by "java_re" with MS VC++ 6.0

