#
# An unexpected error has been detected by HotSpot Virtual Machine:
#
#  EXCEPTION_ACCESS_VIOLATION (0xc0000005) at pc=0x6d7accc9, pid=3216, tid=3380
#
# Java VM: Java HotSpot(TM) Client VM (1.5.0_06-b05 mixed mode)
# Problematic frame:
# V  [jvm.dll+0xcccc9]
#

---------------  T H R E A D  ---------------

Current thread (0x00a85a98):  VMThread [id=3380]

siginfo: ExceptionCode=0xc0000005, reading address 0x2a7000a8

Registers:
EAX=0x6d80e98c, EBX=0x00000005, ECX=0x2a7000a0, EDX=0x0098ff18
ESP=0x0098fe4c, EBP=0x0098fe88, ESI=0x00a9fb78, EDI=0x00000002
EIP=0x6d7accc9, EFLAGS=0x00010293

Top of Stack: (sp=0x0098fe4c)
0x0098fe4c:   6d79c61e 00000092 6d79c524 00000000
0x0098fe5c:   0098fe80 00000005 6d79b781 0003d9e8
0x0098fe6c:   49a3f494 6d8035bc 00037848 49a3f494
0x0098fe7c:   00000000 00000001 00000000 0098fea4
0x0098fe8c:   6d8033f7 49a3f494 0003fff0 00a85b40
0x0098fe9c:   00a85b48 00a85f34 0098fee8 6d802ec5
0x0098feac:   00037848 00000000 00000000 00000000
0x0098febc:   00000000 00489bc6 00000009 00000001 

Instructions: (pc=0x6d7accc9)
0x6d7accb9:   c2 08 00 8b 44 24 04 2b 41 08 83 e8 30 c2 04 00
0x6d7accc9:   8b 41 08 8b 4c 24 04 8d 44 08 30 c2 04 00 8b 44 


Stack: [0x00950000,0x00990000),  sp=0x0098fe4c,  free space=255k
Native frames: (J=compiled Java code, j=interpreted, Vv=VM code, C=native code)
V  [jvm.dll+0xcccc9]
V  [jvm.dll+0x1233f7]
V  [jvm.dll+0x122ec5]
V  [jvm.dll+0x12306e]
V  [jvm.dll+0x122dd3]
C  [MSVCRT.dll+0x2a3b0]
C  [kernel32.dll+0xb683]

VM_Operation (0x49a3f494): full generation collection, mode: safepoint, requested by thread 0x475419f8


---------------  P R O C E S S  ---------------

Java Threads: ( => current thread )
  0x478bacf0 JavaThread "Timer-1" daemon [_thread_blocked, id=15944]
  0x475984c8 JavaThread "http-80-10" daemon [_thread_in_native, id=6404]
  0x47574ab8 JavaThread "Java2D Disposer" daemon [_thread_blocked, id=4884]
  0x47ccbb38 JavaThread "http-80-9" daemon [_thread_blocked, id=4876]
  0x4798f350 JavaThread "http-80-8" daemon [_thread_blocked, id=4836]
  0x4798e938 JavaThread "http-80-7" daemon [_thread_blocked, id=4832]
  0x47a9f6e0 JavaThread "http-80-6" daemon [_thread_blocked, id=4828]
  0x476ce028 JavaThread "http-80-5" daemon [_thread_blocked, id=4824]
  0x47a66ba8 JavaThread "http-80-4" daemon [_thread_blocked, id=4820]
  0x479c91f8 JavaThread "http-80-3" daemon [_thread_blocked, id=4680]
  0x479efdc8 JavaThread "http-80-2" daemon [_thread_blocked, id=4676]
  0x474f16c8 JavaThread "TP-Monitor" daemon [_thread_blocked, id=4672]
  0x47bbd6b0 JavaThread "TP-Processor4" daemon [_thread_in_native, id=4668]
  0x47971328 JavaThread "TP-Processor3" daemon [_thread_blocked, id=4664]
  0x4766fe48 JavaThread "TP-Processor2" daemon [_thread_blocked, id=4660]
  0x47651600 JavaThread "TP-Processor1" daemon [_thread_blocked, id=4656]
  0x47866288 JavaThread "http-80-1" daemon [_thread_blocked, id=4608]
  0x47540ef0 JavaThread "http-80-Acceptor-0" daemon [_thread_in_native, id=4604]
  0x475419f8 JavaThread "ContainerBackgroundProcessor[StandardEngine[Catalina]]" daemon [_thread_blocked, id=4600]
  0x477d6cd8 JavaThread "Timer-0" daemon [_thread_blocked, id=3080]
  0x00aa3818 JavaThread "Low Memory Detector" daemon [_thread_blocked, id=432]
  0x00aa1fd0 JavaThread "CompilerThread0" daemon [_thread_blocked, id=796]
  0x00aa1150 JavaThread "Signal Dispatcher" daemon [_thread_blocked, id=2292]
  0x00a9efe8 JavaThread "JDWP Command Reader" daemon [_thread_blocked, id=1400]
  0x00a9e110 JavaThread "JDWP Event Helper Thread" daemon [_thread_blocked, id=1676]
  0x000362b0 JavaThread "JDWP Transport Listener: dt_socket" daemon [_thread_blocked, id=2936]
  0x00a888a8 JavaThread "Finalizer" daemon [_thread_blocked, id=896]
  0x00a48c38 JavaThread "Reference Handler" daemon [_thread_blocked, id=3276]
  0x00037c60 JavaThread "main" [_thread_blocked, id=1628]

Other Threads:
=>0x00a85a98 VMThread [id=3380]
  0x00aa4c58 WatcherThread [id=3732]

VM state:at safepoint (normal execution)

VM Mutex/Monitor currently owned by a thread:  ([mutex/lock_event])
[0x00037818/0x0000171c] Threads_lock - owner thread: 0x00a85a98
[0x00037998/0x000016e0] Heap_lock - owner thread: 0x475419f8

Heap
 def new generation   total 36928K, used 0K [0x02ad0000, 0x052e0000, 0x07990000)
  eden space 32832K,   0% used [0x02ad0000, 0x02ad0000, 0x04ae0000)
  from space 4096K,   0% used [0x04ae0000, 0x04ae0000, 0x04ee0000)
  to   space 4096K,   0% used [0x04ee0000, 0x04ee0000, 0x052e0000)
 tenured generation   total 491520K, used 44031K [0x07990000, 0x25990000, 0x42ad0000)
   the space 491520K,   8% used [0x07990000, 0x0a48fe18, 0x0a490000, 0x25990000)
 compacting perm gen  total 65536K, used 65535K [0x42ad0000, 0x46ad0000, 0x46ad0000)
   the space 65536K,  99% used [0x42ad0000, 0x46acfe80, 0x46ad0000, 0x46ad0000)
No shared spaces configured.

Dynamic libraries:
0x00400000 - 0x0040c000 	E:\software\java\jdk1.5.0_06\bin\java.exe
0x7c920000 - 0x7c9b4000 	C:\WINDOWS\system32\ntdll.dll
0x7c800000 - 0x7c91d000 	C:\WINDOWS\system32\kernel32.dll
0x77da0000 - 0x77e49000 	C:\WINDOWS\system32\ADVAPI32.dll
0x77e50000 - 0x77ee2000 	C:\WINDOWS\system32\RPCRT4.dll
0x77fc0000 - 0x77fd1000 	C:\WINDOWS\system32\Secur32.dll
0x77be0000 - 0x77c38000 	C:\WINDOWS\system32\MSVCRT.dll
0x6d6e0000 - 0x6d874000 	E:\software\java\jdk1.5.0_06\jre\bin\client\jvm.dll
0x77d10000 - 0x77d9f000 	C:\WINDOWS\system32\USER32.dll
0x77ef0000 - 0x77f37000 	C:\WINDOWS\system32\GDI32.dll
0x76b10000 - 0x76b3a000 	C:\WINDOWS\system32\WINMM.dll
0x76300000 - 0x7631d000 	C:\WINDOWS\system32\IMM32.DLL
0x62c20000 - 0x62c29000 	C:\WINDOWS\system32\LPK.DLL
0x73fa0000 - 0x7400b000 	C:\WINDOWS\system32\USP10.dll
0x6d2f0000 - 0x6d2f8000 	E:\software\java\jdk1.5.0_06\jre\bin\hpi.dll
0x76bc0000 - 0x76bcb000 	C:\WINDOWS\system32\PSAPI.DLL
0x6d3f0000 - 0x6d425000 	E:\software\java\jdk1.5.0_06\jre\bin\jdwp.dll
0x6d6b0000 - 0x6d6bc000 	E:\software\java\jdk1.5.0_06\jre\bin\verify.dll
0x6d370000 - 0x6d38d000 	E:\software\java\jdk1.5.0_06\jre\bin\java.dll
0x6d6d0000 - 0x6d6df000 	E:\software\java\jdk1.5.0_06\jre\bin\zip.dll
0x6d290000 - 0x6d297000 	E:\software\java\jdk1.5.0_06\jre\bin\dt_socket.dll
0x71a20000 - 0x71a37000 	C:\WINDOWS\system32\WS2_32.dll
0x71a10000 - 0x71a18000 	C:\WINDOWS\system32\WS2HELP.dll
0x719c0000 - 0x719fe000 	C:\WINDOWS\system32\mswsock.dll
0x60fd0000 - 0x61025000 	C:\WINDOWS\system32\hnetcfg.dll
0x71a00000 - 0x71a08000 	C:\WINDOWS\System32\wshtcpip.dll
0x6d530000 - 0x6d543000 	E:\software\java\jdk1.5.0_06\jre\bin\net.dll
0x76ef0000 - 0x76f17000 	C:\WINDOWS\system32\DNSAPI.dll
0x76f80000 - 0x76f88000 	C:\WINDOWS\System32\winrnr.dll
0x76f30000 - 0x76f5c000 	C:\WINDOWS\system32\WLDAP32.dll
0x76f90000 - 0x76f96000 	C:\WINDOWS\system32\rasadhlp.dll
0x47f90000 - 0x47fb8000 	C:\WINDOWS\system32\rsaenh.dll
0x759d0000 - 0x75a7e000 	C:\WINDOWS\system32\USERENV.dll
0x5fdd0000 - 0x5fe24000 	C:\WINDOWS\system32\netapi32.dll
0x6d070000 - 0x6d1d7000 	E:\software\java\jdk1.5.0_06\jre\bin\awt.dll
0x72f70000 - 0x72f96000 	C:\WINDOWS\system32\WINSPOOL.DRV
0x76990000 - 0x76acd000 	C:\WINDOWS\system32\ole32.dll
0x5adc0000 - 0x5adf7000 	C:\WINDOWS\system32\uxtheme.dll
0x736d0000 - 0x73719000 	C:\WINDOWS\system32\ddraw.dll
0x73b30000 - 0x73b36000 	C:\WINDOWS\system32\DCIMAN32.dll
0x738b0000 - 0x73980000 	C:\WINDOWS\system32\D3DIM700.DLL
0x6d2b0000 - 0x6d2ed000 	E:\software\java\jdk1.5.0_06\jre\bin\fontmanager.dll
0x6d550000 - 0x6d559000 	E:\software\java\jdk1.5.0_06\jre\bin\nio.dll

VM Arguments:
jvm_args: -Xms520m -Xmx1024m -Xss128k -Xrunjdwp:transport=dt_socket,address=127.0.0.1:4295,suspend=y,server=n -Xms520m -Xmx1024m -Djava.util.logging.manager=org.apache.juli.ClassLoaderLogManager -Djava.util.logging.config.file=C:\Documents and Settings\Administrator\.IntelliJIdea80\system\tomcat\tomcat__gpms6cb61dff\conf\logging.properties -Djava.endorsed.dirs=D:\tomcat\apache-tomcat-6.0.14\endorsed -Dcatalina.base=C:\Documents and Settings\Administrator\.IntelliJIdea80\system\tomcat\tomcat__gpms6cb61dff -Dcatalina.home=D:\tomcat\apache-tomcat-6.0.14 -Djava.io.tmpdir=D:\tomcat\apache-tomcat-6.0.14\temp
java_command: org.apache.catalina.startup.Bootstrap start
Launcher Type: SUN_STANDARD

Environment Variables:
JAVA_HOME=E:\software\java\jdk1.5.0_06
JRE_HOME=E:\software\java\jdk1.5.0_06
CLASSPATH=E:\software\java\jdk1.5.0_06\lib\tools.jar;D:\tomcat\apache-tomcat-6.0.14\bin\bootstrap.jar
PATH=C:\oracle\product\10.2.0\db_1\bin;E:\software\java\jdk1.5.0_06\bin;C:\WINDOWS\system32;C:\WINDOWS;C:\WINDOWS\System32\Wbem
USERNAME=Administrator
OS=Windows_NT
PROCESSOR_IDENTIFIER=x86 Family 6 Model 15 Stepping 2, GenuineIntel



---------------  S Y S T E M  ---------------

OS: Windows XP Build 2600 Service Pack 2

CPU:total 2 family 6, cmov, cx8, fxsr, mmx, sse, sse2, ht

Memory: 4k page, physical 2097151k(1310840k free), swap 4194303k(2595724k free)

vm_info: Java HotSpot(TM) Client VM (1.5.0_06-b05) for windows-x86, built on Nov 10 2005 11:12:14 by "java_re" with MS VC++ 6.0

